2018-10-06 19:48:57 [main] INFO  c.t.dev.recipes.RecipesApplication - Starting RecipesApplication on DESKTOP-SK1H2T1 with PID 11456 (D:\developer\recipes\target\classes started by Juan in D:\developer\recipes)
2018-10-06 19:48:57 [main] DEBUG c.t.dev.recipes.RecipesApplication - Running with Spring Boot v1.5.3.RELEASE, Spring v4.3.8.RELEASE
2018-10-06 19:48:57 [main] INFO  c.t.dev.recipes.RecipesApplication - No active profile set, falling back to default profiles: default
2018-10-06 19:48:57 [main] INFO  o.s.b.c.e.AnnotationConfigEmbeddedWebApplicationContext - Refreshing org.springframework.boot.context.embedded.AnnotationConfigEmbeddedWebApplicationContext@31d7b7bf: startup date [Sat Oct 06 19:48:57 GMT+01:00 2018]; root of context hierarchy
2018-10-06 19:49:00 [main] INFO  o.s.c.s.PostProcessorRegistrationDelegate$BeanPostProcessorChecker - Bean 'org.springframework.transaction.annotation.ProxyTransactionManagementConfiguration' of type [org.springframework.transaction.annotation.ProxyTransactionManagementConfiguration$$EnhancerBySpringCGLIB$$c9e9ed97] is not eligible for getting processed by all BeanPostProcessors (for example: not eligible for auto-proxying)
2018-10-06 19:49:01 [main] INFO  o.s.b.c.e.t.TomcatEmbeddedServletContainer - Tomcat initialized with port(s): 8081 (http)
2018-10-06 19:49:01 [main] INFO  o.a.catalina.core.StandardService - Starting service Tomcat
2018-10-06 19:49:01 [main] INFO  o.a.catalina.core.StandardEngine - Starting Servlet Engine: Apache Tomcat/8.5.14
2018-10-06 19:49:02 [localhost-startStop-1] INFO  o.a.c.c.C.[Tomcat].[localhost].[/] - Initializing Spring embedded WebApplicationContext
2018-10-06 19:49:02 [localhost-startStop-1] INFO  o.s.web.context.ContextLoader - Root WebApplicationContext: initialization completed in 4609 ms
2018-10-06 19:49:02 [localhost-startStop-1] INFO  o.s.b.w.s.FilterRegistrationBean - Mapping filter: 'characterEncodingFilter' to: [/*]
2018-10-06 19:49:02 [localhost-startStop-1] INFO  o.s.b.w.s.FilterRegistrationBean - Mapping filter: 'hiddenHttpMethodFilter' to: [/*]
2018-10-06 19:49:02 [localhost-startStop-1] INFO  o.s.b.w.s.FilterRegistrationBean - Mapping filter: 'httpPutFormContentFilter' to: [/*]
2018-10-06 19:49:02 [localhost-startStop-1] INFO  o.s.b.w.s.FilterRegistrationBean - Mapping filter: 'requestContextFilter' to: [/*]
2018-10-06 19:49:02 [localhost-startStop-1] INFO  o.s.b.w.s.DelegatingFilterProxyRegistrationBean - Mapping filter: 'springSecurityFilterChain' to: [/*]
2018-10-06 19:49:02 [localhost-startStop-1] INFO  o.s.b.w.s.ServletRegistrationBean - Mapping servlet: 'dispatcherServlet' to [/]
2018-10-06 19:49:02 [localhost-startStop-1] INFO  o.s.b.w.s.ServletRegistrationBean - Mapping servlet: 'webServlet' to [/h2_console/*]
2018-10-06 19:49:03 [main] INFO  o.s.o.j.LocalContainerEntityManagerFactoryBean - Building JPA container EntityManagerFactory for persistence unit 'default'
2018-10-06 19:49:03 [main] INFO  o.h.jpa.internal.util.LogHelper - HHH000204: Processing PersistenceUnitInfo [
	name: default
	...]
2018-10-06 19:49:03 [main] INFO  org.hibernate.Version - HHH000412: Hibernate Core {5.0.12.Final}
2018-10-06 19:49:03 [main] INFO  org.hibernate.cfg.Environment - HHH000206: hibernate.properties not found
2018-10-06 19:49:03 [main] INFO  org.hibernate.cfg.Environment - HHH000021: Bytecode provider name : javassist
2018-10-06 19:49:03 [main] INFO  o.h.annotations.common.Version - HCANN000001: Hibernate Commons Annotations {5.0.1.Final}
2018-10-06 19:49:03 [main] INFO  org.hibernate.dialect.Dialect - HHH000400: Using dialect: org.hibernate.dialect.H2Dialect
2018-10-06 19:49:04 [main] INFO  o.h.tool.hbm2ddl.SchemaUpdate - HHH000228: Running hbm2ddl schema update
2018-10-06 19:49:04 [main] INFO  o.s.o.j.LocalContainerEntityManagerFactoryBean - Initialized JPA EntityManagerFactory for persistence unit 'default'
2018-10-06 19:49:05 [main] INFO  o.h.h.i.QueryTranslatorFactoryInitiator - HHH000397: Using ASTQueryTranslatorFactory
2018-10-06 19:49:06 [main] INFO  o.s.w.s.m.m.a.RequestMappingHandlerMapping - Mapped "{[/accounts/list],methods=[GET],produces=[application/json]}" onto public org.springframework.http.ResponseEntity<java.lang.Object> com.truextend.dev.recipes.controllers.AccountsController.listAccounts(com.truextend.dev.recipes.model.Accounts)
2018-10-06 19:49:06 [main] INFO  o.s.w.s.m.m.a.RequestMappingHandlerMapping - Mapped "{[/accounts/get],methods=[POST],produces=[application/json]}" onto public org.springframework.http.ResponseEntity<java.lang.Object> com.truextend.dev.recipes.controllers.AccountsController.getAccounts(com.truextend.dev.recipes.model.Accounts)
2018-10-06 19:49:06 [main] INFO  o.s.w.s.m.m.a.RequestMappingHandlerMapping - Mapped "{[/accounts/add],methods=[POST],produces=[application/json]}" onto public org.springframework.http.ResponseEntity<java.lang.Object> com.truextend.dev.recipes.controllers.AccountsController.addAccounts(com.truextend.dev.recipes.model.Accounts)
2018-10-06 19:49:06 [main] INFO  o.s.w.s.m.m.a.RequestMappingHandlerMapping - Mapped "{[/accounts/delete],methods=[DELETE],produces=[application/json]}" onto public org.springframework.http.ResponseEntity<java.lang.Object> com.truextend.dev.recipes.controllers.AccountsController.deleteAccounts(com.truextend.dev.recipes.model.Accounts)
2018-10-06 19:49:06 [main] INFO  o.s.w.s.m.m.a.RequestMappingHandlerMapping - Mapped "{[/token/verify],methods=[POST],produces=[application/json]}" onto public org.springframework.http.ResponseEntity<java.lang.Object> com.truextend.dev.recipes.controllers.SecurityJWTController.verifyAccount(com.truextend.dev.recipes.model.Accounts)
2018-10-06 19:49:06 [main] INFO  o.s.w.s.m.m.a.RequestMappingHandlerMapping - Mapped "{[/v2/api-docs],methods=[GET]}" onto public org.springframework.http.ResponseEntity<springfox.documentation.spring.web.json.Json> springfox.documentation.swagger2.web.Swagger2Controller.getDocumentation(java.lang.String)
2018-10-06 19:49:06 [main] INFO  o.s.w.s.m.m.a.RequestMappingHandlerMapping - Mapped "{[/swagger-resources]}" onto org.springframework.http.ResponseEntity<java.util.List<springfox.documentation.swagger.web.SwaggerResource>> springfox.documentation.swagger.web.ApiResourceController.swaggerResources()
2018-10-06 19:49:06 [main] INFO  o.s.w.s.m.m.a.RequestMappingHandlerMapping - Mapped "{[/error]}" onto public org.springframework.http.ResponseEntity<java.util.Map<java.lang.String, java.lang.Object>> org.springframework.boot.autoconfigure.web.BasicErrorController.error(javax.servlet.http.HttpServletRequest)
2018-10-06 19:49:06 [main] INFO  o.s.w.s.m.m.a.RequestMappingHandlerMapping - Mapped "{[/error],produces=[text/html]}" onto public org.springframework.web.servlet.ModelAndView org.springframework.boot.autoconfigure.web.BasicErrorController.errorHtml(javax.servlet.http.HttpServletRequest,javax.servlet.http.HttpServletResponse)
2018-10-06 19:49:06 [main] INFO  o.s.w.s.m.m.a.RequestMappingHandlerAdapter - Looking for @ControllerAdvice: org.springframework.boot.context.embedded.AnnotationConfigEmbeddedWebApplicationContext@31d7b7bf: startup date [Sat Oct 06 19:48:57 GMT+01:00 2018]; root of context hierarchy
2018-10-06 19:49:06 [main] INFO  o.s.w.s.h.SimpleUrlHandlerMapping - Mapped URL path [/webjars/**] onto handler of type [class org.springframework.web.servlet.resource.ResourceHttpRequestHandler]
2018-10-06 19:49:06 [main] INFO  o.s.w.s.h.SimpleUrlHandlerMapping - Mapped URL path [/**] onto handler of type [class org.springframework.web.servlet.resource.ResourceHttpRequestHandler]
2018-10-06 19:49:06 [main] INFO  o.s.w.s.h.SimpleUrlHandlerMapping - Mapped URL path [/**/favicon.ico] onto handler of type [class org.springframework.web.servlet.resource.ResourceHttpRequestHandler]
2018-10-06 19:49:06 [main] INFO  o.s.b.a.w.WebMvcAutoConfiguration$WelcomePageHandlerMapping - Adding welcome page: class path resource [static/index.html]
2018-10-06 19:49:07 [main] INFO  o.s.s.web.DefaultSecurityFilterChain - Creating filter chain: OrRequestMatcher [requestMatchers=[Ant [pattern='/css/**'], Ant [pattern='/js/**'], Ant [pattern='/images/**'], Ant [pattern='/webjars/**'], Ant [pattern='/**/favicon.ico'], Ant [pattern='/error']]], []
2018-10-06 19:49:07 [main] INFO  o.s.s.web.DefaultSecurityFilterChain - Creating filter chain: Ant [pattern='/h2_console/**'], [org.springframework.security.web.context.request.async.WebAsyncManagerIntegrationFilter@64665781, org.springframework.security.web.context.SecurityContextPersistenceFilter@75c33608, org.springframework.security.web.header.HeaderWriterFilter@246df37b, org.springframework.security.web.authentication.logout.LogoutFilter@4e5d5ac1, org.springframework.security.web.authentication.www.BasicAuthenticationFilter@288409f0, org.springframework.security.web.savedrequest.RequestCacheAwareFilter@58ebee9, org.springframework.security.web.servletapi.SecurityContextHolderAwareRequestFilter@2166c48a, org.springframework.security.web.authentication.AnonymousAuthenticationFilter@4c2bea52, org.springframework.security.web.session.SessionManagementFilter@4b336cc8, org.springframework.security.web.access.ExceptionTranslationFilter@18b04526, org.springframework.security.web.access.intercept.FilterSecurityInterceptor@3129299f]
2018-10-06 19:49:07 [main] INFO  o.s.s.web.DefaultSecurityFilterChain - Creating filter chain: OrRequestMatcher [requestMatchers=[Ant [pattern='/**']]], [org.springframework.security.web.context.request.async.WebAsyncManagerIntegrationFilter@10d905c1, org.springframework.security.web.context.SecurityContextPersistenceFilter@67e11bda, org.springframework.security.web.header.HeaderWriterFilter@4045fd1f, org.springframework.security.web.authentication.logout.LogoutFilter@3cead673, org.springframework.security.web.authentication.www.BasicAuthenticationFilter@53ba25ff, org.springframework.security.web.savedrequest.RequestCacheAwareFilter@341ccfd1, org.springframework.security.web.servletapi.SecurityContextHolderAwareRequestFilter@5bde6148, org.springframework.security.web.authentication.AnonymousAuthenticationFilter@e4b54d3, org.springframework.security.web.session.SessionManagementFilter@13ee97af, org.springframework.security.web.access.ExceptionTranslationFilter@5a7e81, org.springframework.security.web.access.intercept.FilterSecurityInterceptor@4152bd0f]
2018-10-06 19:49:07 [main] INFO  o.s.j.e.a.AnnotationMBeanExporter - Registering beans for JMX exposure on startup
2018-10-06 19:49:07 [main] INFO  s.d.s.w.p.DocumentationPluginsBootstrapper - Context refreshed
2018-10-06 19:49:08 [main] INFO  s.d.s.w.p.DocumentationPluginsBootstrapper - Found {0} custom documentation plugin(s)
2018-10-06 19:49:08 [main] INFO  s.d.s.w.s.ApiListingReferenceScanner - Scanning for api listing references
2018-10-06 19:49:08 [main] INFO  s.d.s.w.ClassOrApiAnnotationResourceGrouping - Group for method listAccounts was accounts-controller
2018-10-06 19:49:08 [main] INFO  s.d.s.w.s.ApiListingReferenceScanner - Request mapping: listAccounts belongs to groups: [[ResourceGroup{groupName='accounts-controller', position=0, controller=com.truextend.dev.recipes.controllers.AccountsController}]] 
2018-10-06 19:49:08 [main] INFO  s.d.s.w.s.ApiListingReferenceScanner - Adding resource to group:ResourceGroup{groupName='accounts-controller', position=0, controller=com.truextend.dev.recipes.controllers.AccountsController} with description:Administration users accounts for handler method:listAccounts
2018-10-06 19:49:08 [main] INFO  s.d.s.w.ClassOrApiAnnotationResourceGrouping - Group for method getAccounts was accounts-controller
2018-10-06 19:49:08 [main] INFO  s.d.s.w.s.ApiListingReferenceScanner - Request mapping: getAccounts belongs to groups: [[ResourceGroup{groupName='accounts-controller', position=0, controller=com.truextend.dev.recipes.controllers.AccountsController}]] 
2018-10-06 19:49:08 [main] INFO  s.d.s.w.s.ApiListingReferenceScanner - Adding resource to group:ResourceGroup{groupName='accounts-controller', position=0, controller=com.truextend.dev.recipes.controllers.AccountsController} with description:Administration users accounts for handler method:getAccounts
2018-10-06 19:49:08 [main] INFO  s.d.s.w.ClassOrApiAnnotationResourceGrouping - Group for method addAccounts was accounts-controller
2018-10-06 19:49:08 [main] INFO  s.d.s.w.s.ApiListingReferenceScanner - Request mapping: addAccounts belongs to groups: [[ResourceGroup{groupName='accounts-controller', position=0, controller=com.truextend.dev.recipes.controllers.AccountsController}]] 
2018-10-06 19:49:08 [main] INFO  s.d.s.w.s.ApiListingReferenceScanner - Adding resource to group:ResourceGroup{groupName='accounts-controller', position=0, controller=com.truextend.dev.recipes.controllers.AccountsController} with description:Administration users accounts for handler method:addAccounts
2018-10-06 19:49:08 [main] INFO  s.d.s.w.ClassOrApiAnnotationResourceGrouping - Group for method deleteAccounts was accounts-controller
2018-10-06 19:49:08 [main] INFO  s.d.s.w.s.ApiListingReferenceScanner - Request mapping: deleteAccounts belongs to groups: [[ResourceGroup{groupName='accounts-controller', position=0, controller=com.truextend.dev.recipes.controllers.AccountsController}]] 
2018-10-06 19:49:08 [main] INFO  s.d.s.w.s.ApiListingReferenceScanner - Adding resource to group:ResourceGroup{groupName='accounts-controller', position=0, controller=com.truextend.dev.recipes.controllers.AccountsController} with description:Administration users accounts for handler method:deleteAccounts
2018-10-06 19:49:08 [main] INFO  s.d.s.w.ClassOrApiAnnotationResourceGrouping - Group for method verifyAccount was security-jwt-controller
2018-10-06 19:49:08 [main] INFO  s.d.s.w.s.ApiListingReferenceScanner - Request mapping: verifyAccount belongs to groups: [[ResourceGroup{groupName='security-jwt-controller', position=0, controller=com.truextend.dev.recipes.controllers.SecurityJWTController}]] 
2018-10-06 19:49:08 [main] INFO  s.d.s.w.s.ApiListingReferenceScanner - Adding resource to group:ResourceGroup{groupName='security-jwt-controller', position=0, controller=com.truextend.dev.recipes.controllers.SecurityJWTController} with description:Security JWT Controller for handler method:verifyAccount
2018-10-06 19:49:08 [main] INFO  s.d.s.w.ClassOrApiAnnotationResourceGrouping - Group for method error was basic-error-controller
2018-10-06 19:49:08 [main] INFO  s.d.s.w.s.ApiListingReferenceScanner - Request mapping: error belongs to groups: [[ResourceGroup{groupName='basic-error-controller', position=0, controller=org.springframework.boot.autoconfigure.web.BasicErrorController}]] 
2018-10-06 19:49:08 [main] INFO  s.d.s.w.s.ApiListingReferenceScanner - Adding resource to group:ResourceGroup{groupName='basic-error-controller', position=0, controller=org.springframework.boot.autoconfigure.web.BasicErrorController} with description:Basic Error Controller for handler method:error
2018-10-06 19:49:08 [main] INFO  s.d.s.w.ClassOrApiAnnotationResourceGrouping - Group for method errorHtml was basic-error-controller
2018-10-06 19:49:08 [main] INFO  s.d.s.w.s.ApiListingReferenceScanner - Request mapping: errorHtml belongs to groups: [[ResourceGroup{groupName='basic-error-controller', position=0, controller=org.springframework.boot.autoconfigure.web.BasicErrorController}]] 
2018-10-06 19:49:08 [main] INFO  s.d.s.w.s.ApiListingReferenceScanner - Adding resource to group:ResourceGroup{groupName='basic-error-controller', position=0, controller=org.springframework.boot.autoconfigure.web.BasicErrorController} with description:Basic Error Controller for handler method:errorHtml
2018-10-06 19:49:08 [main] INFO  s.d.s.w.s.ApiListingReferenceScanner - Created resource listing Path: /default/basic-error-controller Description: basic-error-controller Position: 0
2018-10-06 19:49:08 [main] INFO  s.d.s.w.s.ApiListingReferenceScanner - Created resource listing Path: /default/security-jwt-controller Description: security-jwt-controller Position: 0
2018-10-06 19:49:08 [main] INFO  s.d.s.w.s.ApiListingReferenceScanner - Created resource listing Path: /default/accounts-controller Description: accounts-controller Position: 0
2018-10-06 19:49:08 [main] INFO  s.d.s.w.ClassOrApiAnnotationResourceGrouping - Group for method error was basic-error-controller
2018-10-06 19:49:08 [main] INFO  s.d.s.w.ClassOrApiAnnotationResourceGrouping - Group for method error was basic-error-controller
2018-10-06 19:49:08 [main] INFO  s.d.s.w.ClassOrApiAnnotationResourceGrouping - Group for method error was basic-error-controller
2018-10-06 19:49:08 [main] INFO  s.d.s.w.ClassOrApiAnnotationResourceGrouping - Group for method error was basic-error-controller
2018-10-06 19:49:08 [main] INFO  s.d.s.w.ClassOrApiAnnotationResourceGrouping - Group for method error was basic-error-controller
2018-10-06 19:49:08 [main] INFO  s.d.s.w.ClassOrApiAnnotationResourceGrouping - Group for method error was basic-error-controller
2018-10-06 19:49:08 [main] INFO  s.d.s.w.ClassOrApiAnnotationResourceGrouping - Group for method error was basic-error-controller
2018-10-06 19:49:08 [main] INFO  s.d.s.w.ClassOrApiAnnotationResourceGrouping - Group for method error was basic-error-controller
2018-10-06 19:49:08 [main] INFO  s.d.s.w.ClassOrApiAnnotationResourceGrouping - Group for method errorHtml was basic-error-controller
2018-10-06 19:49:08 [main] INFO  s.d.s.w.ClassOrApiAnnotationResourceGrouping - Group for method errorHtml was basic-error-controller
2018-10-06 19:49:08 [main] INFO  s.d.s.w.ClassOrApiAnnotationResourceGrouping - Group for method errorHtml was basic-error-controller
2018-10-06 19:49:08 [main] INFO  s.d.s.w.ClassOrApiAnnotationResourceGrouping - Group for method errorHtml was basic-error-controller
2018-10-06 19:49:08 [main] INFO  s.d.s.w.ClassOrApiAnnotationResourceGrouping - Group for method errorHtml was basic-error-controller
2018-10-06 19:49:08 [main] INFO  s.d.s.w.ClassOrApiAnnotationResourceGrouping - Group for method errorHtml was basic-error-controller
2018-10-06 19:49:08 [main] INFO  s.d.s.w.ClassOrApiAnnotationResourceGrouping - Group for method errorHtml was basic-error-controller
2018-10-06 19:49:08 [main] INFO  s.d.s.w.ClassOrApiAnnotationResourceGrouping - Group for method errorHtml was basic-error-controller
2018-10-06 19:49:08 [main] INFO  s.d.s.w.ClassOrApiAnnotationResourceGrouping - Group for method verifyAccount was security-jwt-controller
2018-10-06 19:49:08 [main] INFO  s.d.s.w.ClassOrApiAnnotationResourceGrouping - Group for method listAccounts was accounts-controller
2018-10-06 19:49:08 [main] INFO  s.d.s.w.ClassOrApiAnnotationResourceGrouping - Group for method getAccounts was accounts-controller
2018-10-06 19:49:08 [main] INFO  s.d.s.w.ClassOrApiAnnotationResourceGrouping - Group for method addAccounts was accounts-controller
2018-10-06 19:49:08 [main] INFO  s.d.s.w.ClassOrApiAnnotationResourceGrouping - Group for method deleteAccounts was accounts-controller
2018-10-06 19:49:08 [main] INFO  o.s.b.c.e.t.TomcatEmbeddedServletContainer - Tomcat started on port(s): 8081 (http)
2018-10-06 19:49:08 [main] INFO  c.t.dev.recipes.RecipesApplication - Started RecipesApplication in 12.053 seconds (JVM running for 13.229)
2018-10-06 19:49:29 [main] INFO  c.t.dev.recipes.RecipesApplication - Starting RecipesApplication on DESKTOP-SK1H2T1 with PID 684 (D:\developer\recipes\target\classes started by Juan in D:\developer\recipes)
2018-10-06 19:49:29 [main] DEBUG c.t.dev.recipes.RecipesApplication - Running with Spring Boot v1.5.3.RELEASE, Spring v4.3.8.RELEASE
2018-10-06 19:49:29 [main] INFO  c.t.dev.recipes.RecipesApplication - No active profile set, falling back to default profiles: default
2018-10-06 19:49:29 [main] INFO  o.s.b.c.e.AnnotationConfigEmbeddedWebApplicationContext - Refreshing org.springframework.boot.context.embedded.AnnotationConfigEmbeddedWebApplicationContext@31d7b7bf: startup date [Sat Oct 06 19:49:29 GMT+01:00 2018]; root of context hierarchy
2018-10-06 19:49:33 [main] INFO  o.s.c.s.PostProcessorRegistrationDelegate$BeanPostProcessorChecker - Bean 'org.springframework.transaction.annotation.ProxyTransactionManagementConfiguration' of type [org.springframework.transaction.annotation.ProxyTransactionManagementConfiguration$$EnhancerBySpringCGLIB$$e7e093c] is not eligible for getting processed by all BeanPostProcessors (for example: not eligible for auto-proxying)
2018-10-06 19:49:33 [main] INFO  o.s.b.c.e.t.TomcatEmbeddedServletContainer - Tomcat initialized with port(s): 8086 (http)
2018-10-06 19:49:33 [main] INFO  o.a.catalina.core.StandardService - Starting service Tomcat
2018-10-06 19:49:33 [main] INFO  o.a.catalina.core.StandardEngine - Starting Servlet Engine: Apache Tomcat/8.5.14
2018-10-06 19:49:34 [localhost-startStop-1] INFO  o.a.c.c.C.[Tomcat].[localhost].[/] - Initializing Spring embedded WebApplicationContext
2018-10-06 19:49:34 [localhost-startStop-1] INFO  o.s.web.context.ContextLoader - Root WebApplicationContext: initialization completed in 4654 ms
2018-10-06 19:49:34 [localhost-startStop-1] INFO  o.s.b.w.s.FilterRegistrationBean - Mapping filter: 'characterEncodingFilter' to: [/*]
2018-10-06 19:49:34 [localhost-startStop-1] INFO  o.s.b.w.s.FilterRegistrationBean - Mapping filter: 'hiddenHttpMethodFilter' to: [/*]
2018-10-06 19:49:34 [localhost-startStop-1] INFO  o.s.b.w.s.FilterRegistrationBean - Mapping filter: 'httpPutFormContentFilter' to: [/*]
2018-10-06 19:49:34 [localhost-startStop-1] INFO  o.s.b.w.s.FilterRegistrationBean - Mapping filter: 'requestContextFilter' to: [/*]
2018-10-06 19:49:34 [localhost-startStop-1] INFO  o.s.b.w.s.DelegatingFilterProxyRegistrationBean - Mapping filter: 'springSecurityFilterChain' to: [/*]
2018-10-06 19:49:34 [localhost-startStop-1] INFO  o.s.b.w.s.ServletRegistrationBean - Mapping servlet: 'dispatcherServlet' to [/]
2018-10-06 19:49:34 [localhost-startStop-1] INFO  o.s.b.w.s.ServletRegistrationBean - Mapping servlet: 'webServlet' to [/h2_console/*]
2018-10-06 19:49:35 [main] INFO  o.s.o.j.LocalContainerEntityManagerFactoryBean - Building JPA container EntityManagerFactory for persistence unit 'default'
2018-10-06 19:49:35 [main] INFO  o.h.jpa.internal.util.LogHelper - HHH000204: Processing PersistenceUnitInfo [
	name: default
	...]
2018-10-06 19:49:35 [main] INFO  org.hibernate.Version - HHH000412: Hibernate Core {5.0.12.Final}
2018-10-06 19:49:35 [main] INFO  org.hibernate.cfg.Environment - HHH000206: hibernate.properties not found
2018-10-06 19:49:35 [main] INFO  org.hibernate.cfg.Environment - HHH000021: Bytecode provider name : javassist
2018-10-06 19:49:35 [main] INFO  o.h.annotations.common.Version - HCANN000001: Hibernate Commons Annotations {5.0.1.Final}
2018-10-06 19:49:35 [main] INFO  org.hibernate.dialect.Dialect - HHH000400: Using dialect: org.hibernate.dialect.H2Dialect
2018-10-06 19:49:36 [main] INFO  o.h.tool.hbm2ddl.SchemaUpdate - HHH000228: Running hbm2ddl schema update
2018-10-06 19:49:36 [main] INFO  o.s.o.j.LocalContainerEntityManagerFactoryBean - Initialized JPA EntityManagerFactory for persistence unit 'default'
2018-10-06 19:49:37 [main] INFO  o.h.h.i.QueryTranslatorFactoryInitiator - HHH000397: Using ASTQueryTranslatorFactory
2018-10-06 19:49:38 [main] INFO  o.s.w.s.m.m.a.RequestMappingHandlerMapping - Mapped "{[/accounts/delete],methods=[DELETE],produces=[application/json]}" onto public org.springframework.http.ResponseEntity<java.lang.Object> com.truextend.dev.recipes.controllers.AccountsController.deleteAccounts(com.truextend.dev.recipes.model.Accounts)
2018-10-06 19:49:38 [main] INFO  o.s.w.s.m.m.a.RequestMappingHandlerMapping - Mapped "{[/accounts/list],methods=[GET],produces=[application/json]}" onto public org.springframework.http.ResponseEntity<java.lang.Object> com.truextend.dev.recipes.controllers.AccountsController.listAccounts(com.truextend.dev.recipes.model.Accounts)
2018-10-06 19:49:38 [main] INFO  o.s.w.s.m.m.a.RequestMappingHandlerMapping - Mapped "{[/accounts/get],methods=[POST],produces=[application/json]}" onto public org.springframework.http.ResponseEntity<java.lang.Object> com.truextend.dev.recipes.controllers.AccountsController.getAccounts(com.truextend.dev.recipes.model.Accounts)
2018-10-06 19:49:38 [main] INFO  o.s.w.s.m.m.a.RequestMappingHandlerMapping - Mapped "{[/accounts/add],methods=[POST],produces=[application/json]}" onto public org.springframework.http.ResponseEntity<java.lang.Object> com.truextend.dev.recipes.controllers.AccountsController.addAccounts(com.truextend.dev.recipes.model.Accounts)
2018-10-06 19:49:38 [main] INFO  o.s.w.s.m.m.a.RequestMappingHandlerMapping - Mapped "{[/token/verify],methods=[POST],produces=[application/json]}" onto public org.springframework.http.ResponseEntity<java.lang.Object> com.truextend.dev.recipes.controllers.SecurityJWTController.verifyAccount(com.truextend.dev.recipes.model.Accounts)
2018-10-06 19:49:38 [main] INFO  o.s.w.s.m.m.a.RequestMappingHandlerMapping - Mapped "{[/v2/api-docs],methods=[GET]}" onto public org.springframework.http.ResponseEntity<springfox.documentation.spring.web.json.Json> springfox.documentation.swagger2.web.Swagger2Controller.getDocumentation(java.lang.String)
2018-10-06 19:49:38 [main] INFO  o.s.w.s.m.m.a.RequestMappingHandlerMapping - Mapped "{[/swagger-resources]}" onto org.springframework.http.ResponseEntity<java.util.List<springfox.documentation.swagger.web.SwaggerResource>> springfox.documentation.swagger.web.ApiResourceController.swaggerResources()
2018-10-06 19:49:38 [main] INFO  o.s.w.s.m.m.a.RequestMappingHandlerMapping - Mapped "{[/error]}" onto public org.springframework.http.ResponseEntity<java.util.Map<java.lang.String, java.lang.Object>> org.springframework.boot.autoconfigure.web.BasicErrorController.error(javax.servlet.http.HttpServletRequest)
2018-10-06 19:49:38 [main] INFO  o.s.w.s.m.m.a.RequestMappingHandlerMapping - Mapped "{[/error],produces=[text/html]}" onto public org.springframework.web.servlet.ModelAndView org.springframework.boot.autoconfigure.web.BasicErrorController.errorHtml(javax.servlet.http.HttpServletRequest,javax.servlet.http.HttpServletResponse)
2018-10-06 19:49:38 [main] INFO  o.s.w.s.m.m.a.RequestMappingHandlerAdapter - Looking for @ControllerAdvice: org.springframework.boot.context.embedded.AnnotationConfigEmbeddedWebApplicationContext@31d7b7bf: startup date [Sat Oct 06 19:49:29 GMT+01:00 2018]; root of context hierarchy
2018-10-06 19:49:38 [main] INFO  o.s.w.s.h.SimpleUrlHandlerMapping - Mapped URL path [/webjars/**] onto handler of type [class org.springframework.web.servlet.resource.ResourceHttpRequestHandler]
2018-10-06 19:49:38 [main] INFO  o.s.w.s.h.SimpleUrlHandlerMapping - Mapped URL path [/**] onto handler of type [class org.springframework.web.servlet.resource.ResourceHttpRequestHandler]
2018-10-06 19:49:38 [main] INFO  o.s.w.s.h.SimpleUrlHandlerMapping - Mapped URL path [/**/favicon.ico] onto handler of type [class org.springframework.web.servlet.resource.ResourceHttpRequestHandler]
2018-10-06 19:49:38 [main] INFO  o.s.b.a.w.WebMvcAutoConfiguration$WelcomePageHandlerMapping - Adding welcome page: class path resource [static/index.html]
2018-10-06 19:49:39 [main] INFO  o.s.s.web.DefaultSecurityFilterChain - Creating filter chain: OrRequestMatcher [requestMatchers=[Ant [pattern='/css/**'], Ant [pattern='/js/**'], Ant [pattern='/images/**'], Ant [pattern='/webjars/**'], Ant [pattern='/**/favicon.ico'], Ant [pattern='/error']]], []
2018-10-06 19:49:39 [main] INFO  o.s.s.web.DefaultSecurityFilterChain - Creating filter chain: Ant [pattern='/h2_console/**'], [org.springframework.security.web.context.request.async.WebAsyncManagerIntegrationFilter@54941dfd, org.springframework.security.web.context.SecurityContextPersistenceFilter@6814262d, org.springframework.security.web.header.HeaderWriterFilter@25464154, org.springframework.security.web.authentication.logout.LogoutFilter@116fc29e, org.springframework.security.web.authentication.www.BasicAuthenticationFilter@1d806de6, org.springframework.security.web.savedrequest.RequestCacheAwareFilter@75a9cc24, org.springframework.security.web.servletapi.SecurityContextHolderAwareRequestFilter@7df3da0b, org.springframework.security.web.authentication.AnonymousAuthenticationFilter@5a7e81, org.springframework.security.web.session.SessionManagementFilter@2166c48a, org.springframework.security.web.access.ExceptionTranslationFilter@4b336cc8, org.springframework.security.web.access.intercept.FilterSecurityInterceptor@11015ca0]
2018-10-06 19:49:39 [main] INFO  o.s.s.web.DefaultSecurityFilterChain - Creating filter chain: OrRequestMatcher [requestMatchers=[Ant [pattern='/**']]], [org.springframework.security.web.context.request.async.WebAsyncManagerIntegrationFilter@516c20de, org.springframework.security.web.context.SecurityContextPersistenceFilter@36665c11, org.springframework.security.web.header.HeaderWriterFilter@e4b54d3, org.springframework.security.web.authentication.logout.LogoutFilter@19a7906c, org.springframework.security.web.authentication.www.BasicAuthenticationFilter@1da5c19d, org.springframework.security.web.savedrequest.RequestCacheAwareFilter@6e49b011, org.springframework.security.web.servletapi.SecurityContextHolderAwareRequestFilter@3a709cc7, org.springframework.security.web.authentication.AnonymousAuthenticationFilter@6906be0f, org.springframework.security.web.session.SessionManagementFilter@62883f8a, org.springframework.security.web.access.ExceptionTranslationFilter@10d905c1, org.springframework.security.web.access.intercept.FilterSecurityInterceptor@16fc5622]
2018-10-06 19:49:39 [main] INFO  o.s.j.e.a.AnnotationMBeanExporter - Registering beans for JMX exposure on startup
2018-10-06 19:49:39 [main] INFO  s.d.s.w.p.DocumentationPluginsBootstrapper - Context refreshed
2018-10-06 19:49:39 [main] INFO  s.d.s.w.p.DocumentationPluginsBootstrapper - Found {0} custom documentation plugin(s)
2018-10-06 19:49:39 [main] INFO  s.d.s.w.s.ApiListingReferenceScanner - Scanning for api listing references
2018-10-06 19:49:39 [main] INFO  s.d.s.w.ClassOrApiAnnotationResourceGrouping - Group for method deleteAccounts was accounts-controller
2018-10-06 19:49:39 [main] INFO  s.d.s.w.s.ApiListingReferenceScanner - Request mapping: deleteAccounts belongs to groups: [[ResourceGroup{groupName='accounts-controller', position=0, controller=com.truextend.dev.recipes.controllers.AccountsController}]] 
2018-10-06 19:49:39 [main] INFO  s.d.s.w.s.ApiListingReferenceScanner - Adding resource to group:ResourceGroup{groupName='accounts-controller', position=0, controller=com.truextend.dev.recipes.controllers.AccountsController} with description:Administration users accounts for handler method:deleteAccounts
2018-10-06 19:49:39 [main] INFO  s.d.s.w.ClassOrApiAnnotationResourceGrouping - Group for method listAccounts was accounts-controller
2018-10-06 19:49:39 [main] INFO  s.d.s.w.s.ApiListingReferenceScanner - Request mapping: listAccounts belongs to groups: [[ResourceGroup{groupName='accounts-controller', position=0, controller=com.truextend.dev.recipes.controllers.AccountsController}]] 
2018-10-06 19:49:39 [main] INFO  s.d.s.w.s.ApiListingReferenceScanner - Adding resource to group:ResourceGroup{groupName='accounts-controller', position=0, controller=com.truextend.dev.recipes.controllers.AccountsController} with description:Administration users accounts for handler method:listAccounts
2018-10-06 19:49:39 [main] INFO  s.d.s.w.ClassOrApiAnnotationResourceGrouping - Group for method getAccounts was accounts-controller
2018-10-06 19:49:39 [main] INFO  s.d.s.w.s.ApiListingReferenceScanner - Request mapping: getAccounts belongs to groups: [[ResourceGroup{groupName='accounts-controller', position=0, controller=com.truextend.dev.recipes.controllers.AccountsController}]] 
2018-10-06 19:49:39 [main] INFO  s.d.s.w.s.ApiListingReferenceScanner - Adding resource to group:ResourceGroup{groupName='accounts-controller', position=0, controller=com.truextend.dev.recipes.controllers.AccountsController} with description:Administration users accounts for handler method:getAccounts
2018-10-06 19:49:39 [main] INFO  s.d.s.w.ClassOrApiAnnotationResourceGrouping - Group for method addAccounts was accounts-controller
2018-10-06 19:49:39 [main] INFO  s.d.s.w.s.ApiListingReferenceScanner - Request mapping: addAccounts belongs to groups: [[ResourceGroup{groupName='accounts-controller', position=0, controller=com.truextend.dev.recipes.controllers.AccountsController}]] 
2018-10-06 19:49:39 [main] INFO  s.d.s.w.s.ApiListingReferenceScanner - Adding resource to group:ResourceGroup{groupName='accounts-controller', position=0, controller=com.truextend.dev.recipes.controllers.AccountsController} with description:Administration users accounts for handler method:addAccounts
2018-10-06 19:49:39 [main] INFO  s.d.s.w.ClassOrApiAnnotationResourceGrouping - Group for method verifyAccount was security-jwt-controller
2018-10-06 19:49:39 [main] INFO  s.d.s.w.s.ApiListingReferenceScanner - Request mapping: verifyAccount belongs to groups: [[ResourceGroup{groupName='security-jwt-controller', position=0, controller=com.truextend.dev.recipes.controllers.SecurityJWTController}]] 
2018-10-06 19:49:39 [main] INFO  s.d.s.w.s.ApiListingReferenceScanner - Adding resource to group:ResourceGroup{groupName='security-jwt-controller', position=0, controller=com.truextend.dev.recipes.controllers.SecurityJWTController} with description:Security JWT Controller for handler method:verifyAccount
2018-10-06 19:49:39 [main] INFO  s.d.s.w.ClassOrApiAnnotationResourceGrouping - Group for method error was basic-error-controller
2018-10-06 19:49:39 [main] INFO  s.d.s.w.s.ApiListingReferenceScanner - Request mapping: error belongs to groups: [[ResourceGroup{groupName='basic-error-controller', position=0, controller=org.springframework.boot.autoconfigure.web.BasicErrorController}]] 
2018-10-06 19:49:39 [main] INFO  s.d.s.w.s.ApiListingReferenceScanner - Adding resource to group:ResourceGroup{groupName='basic-error-controller', position=0, controller=org.springframework.boot.autoconfigure.web.BasicErrorController} with description:Basic Error Controller for handler method:error
2018-10-06 19:49:39 [main] INFO  s.d.s.w.ClassOrApiAnnotationResourceGrouping - Group for method errorHtml was basic-error-controller
2018-10-06 19:49:39 [main] INFO  s.d.s.w.s.ApiListingReferenceScanner - Request mapping: errorHtml belongs to groups: [[ResourceGroup{groupName='basic-error-controller', position=0, controller=org.springframework.boot.autoconfigure.web.BasicErrorController}]] 
2018-10-06 19:49:39 [main] INFO  s.d.s.w.s.ApiListingReferenceScanner - Adding resource to group:ResourceGroup{groupName='basic-error-controller', position=0, controller=org.springframework.boot.autoconfigure.web.BasicErrorController} with description:Basic Error Controller for handler method:errorHtml
2018-10-06 19:49:39 [main] INFO  s.d.s.w.s.ApiListingReferenceScanner - Created resource listing Path: /default/basic-error-controller Description: basic-error-controller Position: 0
2018-10-06 19:49:39 [main] INFO  s.d.s.w.s.ApiListingReferenceScanner - Created resource listing Path: /default/security-jwt-controller Description: security-jwt-controller Position: 0
2018-10-06 19:49:39 [main] INFO  s.d.s.w.s.ApiListingReferenceScanner - Created resource listing Path: /default/accounts-controller Description: accounts-controller Position: 0
2018-10-06 19:49:39 [main] INFO  s.d.s.w.ClassOrApiAnnotationResourceGrouping - Group for method error was basic-error-controller
2018-10-06 19:49:39 [main] INFO  s.d.s.w.ClassOrApiAnnotationResourceGrouping - Group for method error was basic-error-controller
2018-10-06 19:49:39 [main] INFO  s.d.s.w.ClassOrApiAnnotationResourceGrouping - Group for method error was basic-error-controller
2018-10-06 19:49:39 [main] INFO  s.d.s.w.ClassOrApiAnnotationResourceGrouping - Group for method error was basic-error-controller
2018-10-06 19:49:39 [main] INFO  s.d.s.w.ClassOrApiAnnotationResourceGrouping - Group for method error was basic-error-controller
2018-10-06 19:49:39 [main] INFO  s.d.s.w.ClassOrApiAnnotationResourceGrouping - Group for method error was basic-error-controller
2018-10-06 19:49:39 [main] INFO  s.d.s.w.ClassOrApiAnnotationResourceGrouping - Group for method error was basic-error-controller
2018-10-06 19:49:39 [main] INFO  s.d.s.w.ClassOrApiAnnotationResourceGrouping - Group for method error was basic-error-controller
2018-10-06 19:49:39 [main] INFO  s.d.s.w.ClassOrApiAnnotationResourceGrouping - Group for method errorHtml was basic-error-controller
2018-10-06 19:49:39 [main] INFO  s.d.s.w.ClassOrApiAnnotationResourceGrouping - Group for method errorHtml was basic-error-controller
2018-10-06 19:49:39 [main] INFO  s.d.s.w.ClassOrApiAnnotationResourceGrouping - Group for method errorHtml was basic-error-controller
2018-10-06 19:49:39 [main] INFO  s.d.s.w.ClassOrApiAnnotationResourceGrouping - Group for method errorHtml was basic-error-controller
2018-10-06 19:49:39 [main] INFO  s.d.s.w.ClassOrApiAnnotationResourceGrouping - Group for method errorHtml was basic-error-controller
2018-10-06 19:49:39 [main] INFO  s.d.s.w.ClassOrApiAnnotationResourceGrouping - Group for method errorHtml was basic-error-controller
2018-10-06 19:49:39 [main] INFO  s.d.s.w.ClassOrApiAnnotationResourceGrouping - Group for method errorHtml was basic-error-controller
2018-10-06 19:49:39 [main] INFO  s.d.s.w.ClassOrApiAnnotationResourceGrouping - Group for method errorHtml was basic-error-controller
2018-10-06 19:49:39 [main] INFO  s.d.s.w.ClassOrApiAnnotationResourceGrouping - Group for method verifyAccount was security-jwt-controller
2018-10-06 19:49:39 [main] INFO  s.d.s.w.ClassOrApiAnnotationResourceGrouping - Group for method deleteAccounts was accounts-controller
2018-10-06 19:49:39 [main] INFO  s.d.s.w.ClassOrApiAnnotationResourceGrouping - Group for method listAccounts was accounts-controller
2018-10-06 19:49:40 [main] INFO  s.d.s.w.ClassOrApiAnnotationResourceGrouping - Group for method getAccounts was accounts-controller
2018-10-06 19:49:40 [main] INFO  s.d.s.w.ClassOrApiAnnotationResourceGrouping - Group for method addAccounts was accounts-controller
2018-10-06 19:49:40 [main] INFO  o.s.b.c.e.t.TomcatEmbeddedServletContainer - Tomcat started on port(s): 8086 (http)
2018-10-06 19:49:40 [main] INFO  c.t.dev.recipes.RecipesApplication - Started RecipesApplication in 11.539 seconds (JVM running for 12.286)
2018-10-06 19:49:53 [http-nio-8086-exec-1] INFO  o.a.c.c.C.[Tomcat].[localhost].[/] - Initializing Spring FrameworkServlet 'dispatcherServlet'
2018-10-06 19:49:53 [http-nio-8086-exec-1] INFO  o.s.web.servlet.DispatcherServlet - FrameworkServlet 'dispatcherServlet': initialization started
2018-10-06 19:49:53 [http-nio-8086-exec-1] INFO  o.s.web.servlet.DispatcherServlet - FrameworkServlet 'dispatcherServlet': initialization completed in 33 ms
2018-10-06 20:11:21 [main] INFO  c.t.dev.recipes.RecipesApplication - Starting RecipesApplication on DESKTOP-SK1H2T1 with PID 14164 (D:\developer\recipes\target\classes started by Juan in D:\developer\recipes)
2018-10-06 20:11:21 [main] DEBUG c.t.dev.recipes.RecipesApplication - Running with Spring Boot v1.5.3.RELEASE, Spring v4.3.8.RELEASE
2018-10-06 20:11:21 [main] INFO  c.t.dev.recipes.RecipesApplication - No active profile set, falling back to default profiles: default
2018-10-06 20:11:21 [main] INFO  o.s.b.c.e.AnnotationConfigEmbeddedWebApplicationContext - Refreshing org.springframework.boot.context.embedded.AnnotationConfigEmbeddedWebApplicationContext@31d7b7bf: startup date [Sat Oct 06 20:11:21 GMT+01:00 2018]; root of context hierarchy
2018-10-06 20:11:25 [main] INFO  o.s.c.s.PostProcessorRegistrationDelegate$BeanPostProcessorChecker - Bean 'org.springframework.transaction.annotation.ProxyTransactionManagementConfiguration' of type [org.springframework.transaction.annotation.ProxyTransactionManagementConfiguration$$EnhancerBySpringCGLIB$$ff5c903d] is not eligible for getting processed by all BeanPostProcessors (for example: not eligible for auto-proxying)
2018-10-06 20:11:25 [main] INFO  o.s.c.s.PostProcessorRegistrationDelegate$BeanPostProcessorChecker - Bean 'org.springframework.security.config.annotation.configuration.ObjectPostProcessorConfiguration' of type [org.springframework.security.config.annotation.configuration.ObjectPostProcessorConfiguration$$EnhancerBySpringCGLIB$$980a5877] is not eligible for getting processed by all BeanPostProcessors (for example: not eligible for auto-proxying)
2018-10-06 20:11:25 [main] INFO  o.s.c.s.PostProcessorRegistrationDelegate$BeanPostProcessorChecker - Bean 'objectPostProcessor' of type [org.springframework.security.config.annotation.configuration.AutowireBeanFactoryObjectPostProcessor] is not eligible for getting processed by all BeanPostProcessors (for example: not eligible for auto-proxying)
2018-10-06 20:11:25 [main] INFO  o.s.c.s.PostProcessorRegistrationDelegate$BeanPostProcessorChecker - Bean 'org.springframework.security.access.expression.method.DefaultMethodSecurityExpressionHandler@3b36e000' of type [org.springframework.security.access.expression.method.DefaultMethodSecurityExpressionHandler] is not eligible for getting processed by all BeanPostProcessors (for example: not eligible for auto-proxying)
2018-10-06 20:11:25 [main] INFO  o.s.c.s.PostProcessorRegistrationDelegate$BeanPostProcessorChecker - Bean 'org.springframework.security.config.annotation.method.configuration.GlobalMethodSecurityConfiguration' of type [org.springframework.security.config.annotation.method.configuration.GlobalMethodSecurityConfiguration$$EnhancerBySpringCGLIB$$bcdefb29] is not eligible for getting processed by all BeanPostProcessors (for example: not eligible for auto-proxying)
2018-10-06 20:11:25 [main] INFO  o.s.c.s.PostProcessorRegistrationDelegate$BeanPostProcessorChecker - Bean 'methodSecurityMetadataSource' of type [org.springframework.security.access.method.DelegatingMethodSecurityMetadataSource] is not eligible for getting processed by all BeanPostProcessors (for example: not eligible for auto-proxying)
2018-10-06 20:11:26 [main] INFO  o.s.b.c.e.t.TomcatEmbeddedServletContainer - Tomcat initialized with port(s): 8086 (http)
2018-10-06 20:11:26 [main] INFO  o.a.catalina.core.StandardService - Starting service Tomcat
2018-10-06 20:11:26 [main] INFO  o.a.catalina.core.StandardEngine - Starting Servlet Engine: Apache Tomcat/8.5.14
2018-10-06 20:11:26 [localhost-startStop-1] INFO  o.a.c.c.C.[Tomcat].[localhost].[/] - Initializing Spring embedded WebApplicationContext
2018-10-06 20:11:26 [localhost-startStop-1] INFO  o.s.web.context.ContextLoader - Root WebApplicationContext: initialization completed in 4739 ms
2018-10-06 20:11:27 [localhost-startStop-1] INFO  o.s.b.w.s.FilterRegistrationBean - Mapping filter: 'characterEncodingFilter' to: [/*]
2018-10-06 20:11:27 [localhost-startStop-1] INFO  o.s.b.w.s.FilterRegistrationBean - Mapping filter: 'hiddenHttpMethodFilter' to: [/*]
2018-10-06 20:11:27 [localhost-startStop-1] INFO  o.s.b.w.s.FilterRegistrationBean - Mapping filter: 'httpPutFormContentFilter' to: [/*]
2018-10-06 20:11:27 [localhost-startStop-1] INFO  o.s.b.w.s.FilterRegistrationBean - Mapping filter: 'requestContextFilter' to: [/*]
2018-10-06 20:11:27 [localhost-startStop-1] INFO  o.s.b.w.s.DelegatingFilterProxyRegistrationBean - Mapping filter: 'springSecurityFilterChain' to: [/*]
2018-10-06 20:11:27 [localhost-startStop-1] INFO  o.s.b.w.s.FilterRegistrationBean - Filter jwtAuthenticationTokenFilter was not registered (disabled)
2018-10-06 20:11:27 [localhost-startStop-1] INFO  o.s.b.w.s.ServletRegistrationBean - Mapping servlet: 'dispatcherServlet' to [/]
2018-10-06 20:11:27 [localhost-startStop-1] INFO  o.s.b.w.s.ServletRegistrationBean - Mapping servlet: 'webServlet' to [/h2_console/*]
2018-10-06 20:11:28 [main] INFO  o.s.o.j.LocalContainerEntityManagerFactoryBean - Building JPA container EntityManagerFactory for persistence unit 'default'
2018-10-06 20:11:28 [main] INFO  o.h.jpa.internal.util.LogHelper - HHH000204: Processing PersistenceUnitInfo [
	name: default
	...]
2018-10-06 20:11:28 [main] INFO  org.hibernate.Version - HHH000412: Hibernate Core {5.0.12.Final}
2018-10-06 20:11:28 [main] INFO  org.hibernate.cfg.Environment - HHH000206: hibernate.properties not found
2018-10-06 20:11:28 [main] INFO  org.hibernate.cfg.Environment - HHH000021: Bytecode provider name : javassist
2018-10-06 20:11:28 [main] INFO  o.h.annotations.common.Version - HCANN000001: Hibernate Commons Annotations {5.0.1.Final}
2018-10-06 20:11:28 [main] INFO  org.hibernate.dialect.Dialect - HHH000400: Using dialect: org.hibernate.dialect.H2Dialect
2018-10-06 20:11:29 [main] INFO  o.h.tool.hbm2ddl.SchemaUpdate - HHH000228: Running hbm2ddl schema update
2018-10-06 20:11:29 [main] INFO  o.s.o.j.LocalContainerEntityManagerFactoryBean - Initialized JPA EntityManagerFactory for persistence unit 'default'
2018-10-06 20:11:30 [main] INFO  o.h.h.i.QueryTranslatorFactoryInitiator - HHH000397: Using ASTQueryTranslatorFactory
2018-10-06 20:11:31 [main] INFO  o.s.w.s.m.m.a.RequestMappingHandlerMapping - Mapped "{[/accounts/list],methods=[GET],produces=[application/json]}" onto public org.springframework.http.ResponseEntity<java.lang.Object> com.truextend.dev.recipes.controllers.AccountsController.listAccounts(com.truextend.dev.recipes.model.Accounts)
2018-10-06 20:11:31 [main] INFO  o.s.w.s.m.m.a.RequestMappingHandlerMapping - Mapped "{[/accounts/add],methods=[POST],produces=[application/json]}" onto public org.springframework.http.ResponseEntity<java.lang.Object> com.truextend.dev.recipes.controllers.AccountsController.addAccounts(com.truextend.dev.recipes.model.Accounts)
2018-10-06 20:11:31 [main] INFO  o.s.w.s.m.m.a.RequestMappingHandlerMapping - Mapped "{[/accounts/get],methods=[POST],produces=[application/json]}" onto public org.springframework.http.ResponseEntity<java.lang.Object> com.truextend.dev.recipes.controllers.AccountsController.getAccounts(com.truextend.dev.recipes.model.Accounts)
2018-10-06 20:11:31 [main] INFO  o.s.w.s.m.m.a.RequestMappingHandlerMapping - Mapped "{[/accounts/delete],methods=[DELETE],produces=[application/json]}" onto public org.springframework.http.ResponseEntity<java.lang.Object> com.truextend.dev.recipes.controllers.AccountsController.deleteAccounts(com.truextend.dev.recipes.model.Accounts)
2018-10-06 20:11:31 [main] INFO  o.s.w.s.m.m.a.RequestMappingHandlerMapping - Mapped "{[/token/verify],methods=[POST],produces=[application/json]}" onto public org.springframework.http.ResponseEntity<java.lang.Object> com.truextend.dev.recipes.controllers.SecurityJWTController.verifyAccount(com.truextend.dev.recipes.model.Accounts)
2018-10-06 20:11:31 [main] INFO  o.s.w.s.m.m.a.RequestMappingHandlerMapping - Mapped "{[/v2/api-docs],methods=[GET]}" onto public org.springframework.http.ResponseEntity<springfox.documentation.spring.web.json.Json> springfox.documentation.swagger2.web.Swagger2Controller.getDocumentation(java.lang.String)
2018-10-06 20:11:31 [main] INFO  o.s.w.s.m.m.a.RequestMappingHandlerMapping - Mapped "{[/swagger-resources]}" onto org.springframework.http.ResponseEntity<java.util.List<springfox.documentation.swagger.web.SwaggerResource>> springfox.documentation.swagger.web.ApiResourceController.swaggerResources()
2018-10-06 20:11:31 [main] INFO  o.s.w.s.m.m.a.RequestMappingHandlerMapping - Mapped "{[/error]}" onto public org.springframework.http.ResponseEntity<java.util.Map<java.lang.String, java.lang.Object>> org.springframework.boot.autoconfigure.web.BasicErrorController.error(javax.servlet.http.HttpServletRequest)
2018-10-06 20:11:31 [main] INFO  o.s.w.s.m.m.a.RequestMappingHandlerMapping - Mapped "{[/error],produces=[text/html]}" onto public org.springframework.web.servlet.ModelAndView org.springframework.boot.autoconfigure.web.BasicErrorController.errorHtml(javax.servlet.http.HttpServletRequest,javax.servlet.http.HttpServletResponse)
2018-10-06 20:11:31 [main] INFO  o.s.s.web.DefaultSecurityFilterChain - Creating filter chain: org.springframework.security.web.util.matcher.AnyRequestMatcher@1, [org.springframework.security.web.context.request.async.WebAsyncManagerIntegrationFilter@4b32465, org.springframework.security.web.context.SecurityContextPersistenceFilter@14656be5, org.springframework.security.web.header.HeaderWriterFilter@3b65084e, org.springframework.web.filter.CorsFilter@146f3d22, org.springframework.security.web.authentication.logout.LogoutFilter@298263fa, com.truextend.dev.recipes.security.JwtAuthenticationTokenFilter@54023654, org.springframework.security.web.savedrequest.RequestCacheAwareFilter@5db9f51f, org.springframework.security.web.servletapi.SecurityContextHolderAwareRequestFilter@66e1b2a, org.springframework.security.web.authentication.AnonymousAuthenticationFilter@66b6873f, org.springframework.security.web.session.SessionManagementFilter@cae2a97, org.springframework.security.web.access.ExceptionTranslationFilter@3f6f9cef, org.springframework.security.web.access.intercept.FilterSecurityInterceptor@1179fc8c]
2018-10-06 20:11:31 [main] INFO  o.s.s.web.DefaultSecurityFilterChain - Creating filter chain: Ant [pattern='/h2_console/**'], [org.springframework.security.web.context.request.async.WebAsyncManagerIntegrationFilter@6181bc4a, org.springframework.security.web.context.SecurityContextPersistenceFilter@57b1ec84, org.springframework.security.web.header.HeaderWriterFilter@1de85972, org.springframework.security.web.authentication.logout.LogoutFilter@4aab7195, org.springframework.security.web.authentication.www.BasicAuthenticationFilter@6210666c, org.springframework.security.web.savedrequest.RequestCacheAwareFilter@3c27f72, org.springframework.security.web.servletapi.SecurityContextHolderAwareRequestFilter@5cbe95b1, org.springframework.security.web.authentication.AnonymousAuthenticationFilter@70485aa, org.springframework.security.web.session.SessionManagementFilter@280ecc33, org.springframework.security.web.access.ExceptionTranslationFilter@46524ebe, org.springframework.security.web.access.intercept.FilterSecurityInterceptor@19d27c27]
2018-10-06 20:11:31 [main] INFO  o.s.w.s.m.m.a.RequestMappingHandlerAdapter - Looking for @ControllerAdvice: org.springframework.boot.context.embedded.AnnotationConfigEmbeddedWebApplicationContext@31d7b7bf: startup date [Sat Oct 06 20:11:21 GMT+01:00 2018]; root of context hierarchy
2018-10-06 20:11:31 [main] INFO  o.s.w.s.h.SimpleUrlHandlerMapping - Mapped URL path [/webjars/**] onto handler of type [class org.springframework.web.servlet.resource.ResourceHttpRequestHandler]
2018-10-06 20:11:31 [main] INFO  o.s.w.s.h.SimpleUrlHandlerMapping - Mapped URL path [/**] onto handler of type [class org.springframework.web.servlet.resource.ResourceHttpRequestHandler]
2018-10-06 20:11:32 [main] INFO  o.s.w.s.h.SimpleUrlHandlerMapping - Mapped URL path [/**/favicon.ico] onto handler of type [class org.springframework.web.servlet.resource.ResourceHttpRequestHandler]
2018-10-06 20:11:32 [main] INFO  o.s.b.a.w.WebMvcAutoConfiguration$WelcomePageHandlerMapping - Adding welcome page: class path resource [static/index.html]
2018-10-06 20:11:32 [main] INFO  o.s.j.e.a.AnnotationMBeanExporter - Registering beans for JMX exposure on startup
2018-10-06 20:11:32 [main] INFO  s.d.s.w.p.DocumentationPluginsBootstrapper - Context refreshed
2018-10-06 20:11:32 [main] INFO  s.d.s.w.p.DocumentationPluginsBootstrapper - Found {0} custom documentation plugin(s)
2018-10-06 20:11:32 [main] INFO  s.d.s.w.s.ApiListingReferenceScanner - Scanning for api listing references
2018-10-06 20:11:32 [main] INFO  s.d.s.w.ClassOrApiAnnotationResourceGrouping - Group for method listAccounts was accounts-controller
2018-10-06 20:11:32 [main] INFO  s.d.s.w.s.ApiListingReferenceScanner - Request mapping: listAccounts belongs to groups: [[ResourceGroup{groupName='accounts-controller', position=0, controller=com.truextend.dev.recipes.controllers.AccountsController}]] 
2018-10-06 20:11:32 [main] INFO  s.d.s.w.s.ApiListingReferenceScanner - Adding resource to group:ResourceGroup{groupName='accounts-controller', position=0, controller=com.truextend.dev.recipes.controllers.AccountsController} with description:Administration users accounts for handler method:listAccounts
2018-10-06 20:11:32 [main] INFO  s.d.s.w.ClassOrApiAnnotationResourceGrouping - Group for method addAccounts was accounts-controller
2018-10-06 20:11:32 [main] INFO  s.d.s.w.s.ApiListingReferenceScanner - Request mapping: addAccounts belongs to groups: [[ResourceGroup{groupName='accounts-controller', position=0, controller=com.truextend.dev.recipes.controllers.AccountsController}]] 
2018-10-06 20:11:32 [main] INFO  s.d.s.w.s.ApiListingReferenceScanner - Adding resource to group:ResourceGroup{groupName='accounts-controller', position=0, controller=com.truextend.dev.recipes.controllers.AccountsController} with description:Administration users accounts for handler method:addAccounts
2018-10-06 20:11:32 [main] INFO  s.d.s.w.ClassOrApiAnnotationResourceGrouping - Group for method getAccounts was accounts-controller
2018-10-06 20:11:32 [main] INFO  s.d.s.w.s.ApiListingReferenceScanner - Request mapping: getAccounts belongs to groups: [[ResourceGroup{groupName='accounts-controller', position=0, controller=com.truextend.dev.recipes.controllers.AccountsController}]] 
2018-10-06 20:11:32 [main] INFO  s.d.s.w.s.ApiListingReferenceScanner - Adding resource to group:ResourceGroup{groupName='accounts-controller', position=0, controller=com.truextend.dev.recipes.controllers.AccountsController} with description:Administration users accounts for handler method:getAccounts
2018-10-06 20:11:32 [main] INFO  s.d.s.w.ClassOrApiAnnotationResourceGrouping - Group for method deleteAccounts was accounts-controller
2018-10-06 20:11:32 [main] INFO  s.d.s.w.s.ApiListingReferenceScanner - Request mapping: deleteAccounts belongs to groups: [[ResourceGroup{groupName='accounts-controller', position=0, controller=com.truextend.dev.recipes.controllers.AccountsController}]] 
2018-10-06 20:11:32 [main] INFO  s.d.s.w.s.ApiListingReferenceScanner - Adding resource to group:ResourceGroup{groupName='accounts-controller', position=0, controller=com.truextend.dev.recipes.controllers.AccountsController} with description:Administration users accounts for handler method:deleteAccounts
2018-10-06 20:11:32 [main] INFO  s.d.s.w.ClassOrApiAnnotationResourceGrouping - Group for method verifyAccount was security-jwt-controller
2018-10-06 20:11:32 [main] INFO  s.d.s.w.s.ApiListingReferenceScanner - Request mapping: verifyAccount belongs to groups: [[ResourceGroup{groupName='security-jwt-controller', position=0, controller=com.truextend.dev.recipes.controllers.SecurityJWTController}]] 
2018-10-06 20:11:32 [main] INFO  s.d.s.w.s.ApiListingReferenceScanner - Adding resource to group:ResourceGroup{groupName='security-jwt-controller', position=0, controller=com.truextend.dev.recipes.controllers.SecurityJWTController} with description:Security JWT Controller for handler method:verifyAccount
2018-10-06 20:11:32 [main] INFO  s.d.s.w.ClassOrApiAnnotationResourceGrouping - Group for method error was basic-error-controller
2018-10-06 20:11:32 [main] INFO  s.d.s.w.s.ApiListingReferenceScanner - Request mapping: error belongs to groups: [[ResourceGroup{groupName='basic-error-controller', position=0, controller=org.springframework.boot.autoconfigure.web.BasicErrorController}]] 
2018-10-06 20:11:32 [main] INFO  s.d.s.w.s.ApiListingReferenceScanner - Adding resource to group:ResourceGroup{groupName='basic-error-controller', position=0, controller=org.springframework.boot.autoconfigure.web.BasicErrorController} with description:Basic Error Controller for handler method:error
2018-10-06 20:11:32 [main] INFO  s.d.s.w.ClassOrApiAnnotationResourceGrouping - Group for method errorHtml was basic-error-controller
2018-10-06 20:11:32 [main] INFO  s.d.s.w.s.ApiListingReferenceScanner - Request mapping: errorHtml belongs to groups: [[ResourceGroup{groupName='basic-error-controller', position=0, controller=org.springframework.boot.autoconfigure.web.BasicErrorController}]] 
2018-10-06 20:11:32 [main] INFO  s.d.s.w.s.ApiListingReferenceScanner - Adding resource to group:ResourceGroup{groupName='basic-error-controller', position=0, controller=org.springframework.boot.autoconfigure.web.BasicErrorController} with description:Basic Error Controller for handler method:errorHtml
2018-10-06 20:11:32 [main] INFO  s.d.s.w.s.ApiListingReferenceScanner - Created resource listing Path: /default/basic-error-controller Description: basic-error-controller Position: 0
2018-10-06 20:11:32 [main] INFO  s.d.s.w.s.ApiListingReferenceScanner - Created resource listing Path: /default/accounts-controller Description: accounts-controller Position: 0
2018-10-06 20:11:32 [main] INFO  s.d.s.w.s.ApiListingReferenceScanner - Created resource listing Path: /default/security-jwt-controller Description: security-jwt-controller Position: 0
2018-10-06 20:11:32 [main] INFO  s.d.s.w.ClassOrApiAnnotationResourceGrouping - Group for method error was basic-error-controller
2018-10-06 20:11:32 [main] INFO  s.d.s.w.ClassOrApiAnnotationResourceGrouping - Group for method error was basic-error-controller
2018-10-06 20:11:32 [main] INFO  s.d.s.w.ClassOrApiAnnotationResourceGrouping - Group for method error was basic-error-controller
2018-10-06 20:11:32 [main] INFO  s.d.s.w.ClassOrApiAnnotationResourceGrouping - Group for method error was basic-error-controller
2018-10-06 20:11:32 [main] INFO  s.d.s.w.ClassOrApiAnnotationResourceGrouping - Group for method error was basic-error-controller
2018-10-06 20:11:32 [main] INFO  s.d.s.w.ClassOrApiAnnotationResourceGrouping - Group for method error was basic-error-controller
2018-10-06 20:11:32 [main] INFO  s.d.s.w.ClassOrApiAnnotationResourceGrouping - Group for method error was basic-error-controller
2018-10-06 20:11:32 [main] INFO  s.d.s.w.ClassOrApiAnnotationResourceGrouping - Group for method error was basic-error-controller
2018-10-06 20:11:32 [main] INFO  s.d.s.w.ClassOrApiAnnotationResourceGrouping - Group for method errorHtml was basic-error-controller
2018-10-06 20:11:32 [main] INFO  s.d.s.w.ClassOrApiAnnotationResourceGrouping - Group for method errorHtml was basic-error-controller
2018-10-06 20:11:32 [main] INFO  s.d.s.w.ClassOrApiAnnotationResourceGrouping - Group for method errorHtml was basic-error-controller
2018-10-06 20:11:32 [main] INFO  s.d.s.w.ClassOrApiAnnotationResourceGrouping - Group for method errorHtml was basic-error-controller
2018-10-06 20:11:32 [main] INFO  s.d.s.w.ClassOrApiAnnotationResourceGrouping - Group for method errorHtml was basic-error-controller
2018-10-06 20:11:32 [main] INFO  s.d.s.w.ClassOrApiAnnotationResourceGrouping - Group for method errorHtml was basic-error-controller
2018-10-06 20:11:32 [main] INFO  s.d.s.w.ClassOrApiAnnotationResourceGrouping - Group for method errorHtml was basic-error-controller
2018-10-06 20:11:32 [main] INFO  s.d.s.w.ClassOrApiAnnotationResourceGrouping - Group for method errorHtml was basic-error-controller
2018-10-06 20:11:32 [main] INFO  s.d.s.w.ClassOrApiAnnotationResourceGrouping - Group for method listAccounts was accounts-controller
2018-10-06 20:11:32 [main] INFO  s.d.s.w.ClassOrApiAnnotationResourceGrouping - Group for method addAccounts was accounts-controller
2018-10-06 20:11:32 [main] INFO  s.d.s.w.ClassOrApiAnnotationResourceGrouping - Group for method getAccounts was accounts-controller
2018-10-06 20:11:32 [main] INFO  s.d.s.w.ClassOrApiAnnotationResourceGrouping - Group for method deleteAccounts was accounts-controller
2018-10-06 20:11:33 [main] INFO  s.d.s.w.ClassOrApiAnnotationResourceGrouping - Group for method verifyAccount was security-jwt-controller
2018-10-06 20:11:33 [main] INFO  o.s.b.c.e.t.TomcatEmbeddedServletContainer - Tomcat started on port(s): 8086 (http)
2018-10-06 20:11:33 [main] INFO  c.t.dev.recipes.RecipesApplication - Started RecipesApplication in 12.425 seconds (JVM running for 13.209)
2018-10-06 20:12:14 [http-nio-8086-exec-2] INFO  o.a.c.c.C.[Tomcat].[localhost].[/] - Initializing Spring FrameworkServlet 'dispatcherServlet'
2018-10-06 20:12:14 [http-nio-8086-exec-2] INFO  o.s.web.servlet.DispatcherServlet - FrameworkServlet 'dispatcherServlet': initialization started
2018-10-06 20:12:14 [http-nio-8086-exec-2] INFO  o.s.web.servlet.DispatcherServlet - FrameworkServlet 'dispatcherServlet': initialization completed in 38 ms
